Creating tables
Inserting What is the colour of the cross on the flag of Switzerland? Black Red White Blue (White)
Inserting Where did the car manufacturer Audi originate? France Italy sweden Germany (Germany)
Inserting What is the capital of Norway? London Oslo Stockholm Dhaka (Oslo)
Inserting Who is the first President of USA in 21st century? George Washington George W. Bush Barack Obama William J. Clinton (George W. Bush)
['set 3', 'F']
['set 3', 'F', 'T']
['set 3', 'F', 'T', 'T']
['set 3', 'F']
['set 3', 'F', 'T']
['set 3', 'F', 'T', 'T']
['set 3', 'F']
['set 3', 'F', 'F']
['set 3', 'F', 'F', 'T']
['set 1', 'T']
['set 1', 'T']
['set 1', 'T', 'F']
['set 1', 'T', 'F', 'T']
['set 2', 'F']
['set 2', 'F', 'T']
['set 2', 'F', 'T', 'T']
['set 2', 'T']
['set 2', 'T', 'T']
['set 2', 'T', 'T', 'T']
['set 3', 'T']
['set 3', 'T', 'T']
['set 3', 'T', 'T', 'F']
['set 1', 'T']
['set 1', 'T']
['set 1', 'T', 'F']
['set 1', 'T', 'F', 'T']
['set 2', 'F']
['set 2', 'F', 'T']
['set 2', 'F', 'T', 'T']
['set 1', 'F']
['set 1', 'F', 'T']
['set 1', 'T']
['set 1', 'T', 'F']
['set 1', 'T', 'F', 'T']
['set 1', 'T']
['set 1', 'T', 'T']
['set 1', 'T', 'T', 'T']
['set 1', 'F']
['set 1', 'F', 'F']
['set 1', 'F', 'F', 'F']
['set 1', 'T']
['set 1', 'T', 'T']
['set 1', 'T', 'T', 'F']
['set 1', 'F']
['set 1', 'F', 'F']
['set 1', 'F', 'F', 'F']
['set 1', 'T']
['set 1', 'T', 'T']
['set 1', 'T', 'T', 'T']
['set 1', 'F']
['set 1', 'F', 'F']
['set 1', 'F', 'F', 'T']
['set 1', 'T']
['set 1', 'T', 'F']
['set 1', 'T', 'F', 'F']
['set 1', 'F']
['set 1', 'F', 'F']
['set 1', 'F', 'F', 'T']
['set 1', 'T']
['set 1', 'T', 'T']
['set 1', 'T', 'T', 'F']
['set 1', 'T']
['set 1', 'T', 'F']
['set 1', 'T', 'F', 'T']
['set 1', 'T']
['set 1', 'T']
['set 1', 'T', 'T']
['set 1', 'T', 'T', 'T']
['set 1', 'T']
['set 1', 'T', 'T']
['set 1', 'T', 'T', 'T']
['set 1', 'T']
['set 1', 'T', 'F']
['set 1', 'T', 'F', 'F']
['set 1', 'T']
['set 1', 'T', 'F']
['set 1', 'T', 'F', 'F']
['set 1', 'F']
['set 1', 'F', 'F']
['set 1', 'F', 'F', 'T']
['set 1', 'T']
['set 1', 'T', 'F']
['set 1', 'T', 'F', 'T']
['set 1', 'T']
['set 1', 'T', 'F']
['set 1', 'T', 'F', 'T']
['set 1', 'T']
['set 1', 'T', 'T']
['set 1', 'T', 'T', 'F']
['set 1', 'T']
['set 1', 'T', 'F']
['set 1', 'T', 'F', 'F']
['set 1', 'T']
['set 1', 'T', 'F']
['set 1', 'T', 'F', 'T']
['set 1', 'T']
['set 1', 'T', 'F']
['set 1', 'T', 'F', 'T']
['set 1', 'T']
['set 1', 'T', 'F']
['set 1', 'T', 'F', 'T']
Error while doing database work
Traceback (most recent call last):
  File "/Users/mahmudulhaque/Assignment2_Middleware/Server/RestFul_Vesrion/src/restful.py", line 288, in main
    app.run()
  File "/Library/Python/2.7/site-packages/web.py-0.36-py2.7.egg/web/application.py", line 311, in run
    return wsgi.runwsgi(self.wsgifunc(*middleware))
  File "/Library/Python/2.7/site-packages/web.py-0.36-py2.7.egg/web/wsgi.py", line 35, in runwsgi
    return runfcgi(func, None)
  File "/Library/Python/2.7/site-packages/web.py-0.36-py2.7.egg/web/wsgi.py", line 16, in runfcgi
    import flup.server.fcgi as flups
ImportError: No module named flup.server.fcgi
Error while doing database work
Traceback (most recent call last):
  File "/Users/mahmudulhaque/Assignment2_Middleware/Server/RestFul_Vesrion/src/restful.py", line 288, in main
    app.run()
  File "/Library/Python/2.7/site-packages/web.py-0.36-py2.7.egg/web/application.py", line 311, in run
    return wsgi.runwsgi(self.wsgifunc(*middleware))
  File "/Library/Python/2.7/site-packages/web.py-0.36-py2.7.egg/web/wsgi.py", line 35, in runwsgi
    return runfcgi(func, None)
  File "/Library/Python/2.7/site-packages/web.py-0.36-py2.7.egg/web/wsgi.py", line 16, in runfcgi
    import flup.server.fcgi as flups
ImportError: No module named flup.server.fcgi
Error while doing database work
Traceback (most recent call last):
  File "/Users/mahmudulhaque/Assignment2_Middleware/Server/RestFul_Vesrion/src/restful.py", line 288, in main
    app.run()
  File "/Library/Python/2.7/site-packages/web.py-0.36-py2.7.egg/web/application.py", line 311, in run
    return wsgi.runwsgi(self.wsgifunc(*middleware))
  File "/Library/Python/2.7/site-packages/web.py-0.36-py2.7.egg/web/wsgi.py", line 35, in runwsgi
    return runfcgi(func, None)
  File "/Library/Python/2.7/site-packages/web.py-0.36-py2.7.egg/web/wsgi.py", line 16, in runfcgi
    import flup.server.fcgi as flups
ImportError: No module named flup.server.fcgi
Error while doing database work
Traceback (most recent call last):
  File "/Users/mahmudulhaque/Assignment2_Middleware/Server/RestFul_Vesrion/src/restful.py", line 288, in main
    app.run()
  File "/Library/Python/2.7/site-packages/web.py-0.36-py2.7.egg/web/application.py", line 311, in run
    return wsgi.runwsgi(self.wsgifunc(*middleware))
  File "/Library/Python/2.7/site-packages/web.py-0.36-py2.7.egg/web/wsgi.py", line 35, in runwsgi
    return runfcgi(func, None)
  File "/Library/Python/2.7/site-packages/web.py-0.36-py2.7.egg/web/wsgi.py", line 16, in runfcgi
    import flup.server.fcgi as flups
ImportError: No module named flup.server.fcgi
Error while doing database work
Traceback (most recent call last):
  File "/Users/mahmudulhaque/Assignment2_Middleware/Server/RestFul_Vesrion/src/restful.py", line 288, in main
    app.run()
  File "/Library/Python/2.7/site-packages/web.py-0.36-py2.7.egg/web/application.py", line 311, in run
    return wsgi.runwsgi(self.wsgifunc(*middleware))
  File "/Library/Python/2.7/site-packages/web.py-0.36-py2.7.egg/web/wsgi.py", line 35, in runwsgi
    return runfcgi(func, None)
  File "/Library/Python/2.7/site-packages/web.py-0.36-py2.7.egg/web/wsgi.py", line 16, in runfcgi
    import flup.server.fcgi as flups
ImportError: No module named flup.server.fcgi
Error while doing database work
Traceback (most recent call last):
  File "/Users/mahmudulhaque/Assignment2_Middleware/Server/RestFul_Vesrion/src/restful.py", line 288, in main
    app.run()
  File "/Library/Python/2.7/site-packages/web.py-0.36-py2.7.egg/web/application.py", line 311, in run
    return wsgi.runwsgi(self.wsgifunc(*middleware))
  File "/Library/Python/2.7/site-packages/web.py-0.36-py2.7.egg/web/wsgi.py", line 35, in runwsgi
    return runfcgi(func, None)
  File "/Library/Python/2.7/site-packages/web.py-0.36-py2.7.egg/web/wsgi.py", line 16, in runfcgi
    import flup.server.fcgi as flups
ImportError: No module named flup.server.fcgi
Error while doing database work
Traceback (most recent call last):
  File "/Users/mahmudulhaque/Assignment2_Middleware/Server/RestFul_Vesrion/src/restful.py", line 288, in main
    app.run()
  File "/Library/Python/2.7/site-packages/web.py-0.36-py2.7.egg/web/application.py", line 311, in run
    return wsgi.runwsgi(self.wsgifunc(*middleware))
  File "/Library/Python/2.7/site-packages/web.py-0.36-py2.7.egg/web/wsgi.py", line 35, in runwsgi
    return runfcgi(func, None)
  File "/Library/Python/2.7/site-packages/web.py-0.36-py2.7.egg/web/wsgi.py", line 16, in runfcgi
    import flup.server.fcgi as flups
ImportError: No module named flup.server.fcgi
['set 1', 'F']
['set 1', 'F', 'F']
['set 1', 'F', 'F', 'T']
